<?xml version="1.0" encoding="UTF-8" ?>
<testsuite failures="0" time="0.06" errors="0" skipped="0" tests="5" name="org.jbox2d.utests.MathTest">
  <properties>
[...]
</properties>
  <testcase time="0.025" classname="org.jbox2d.utests.MathTest" name="testFastMath"/>
  <testcase time="0.001" classname="org.jbox2d.utests.MathTest" name="testVec2"/>
  <testcase time="0.001" classname="org.jbox2d.utests.MathTest" name="testMat22Unsafes"/>
  <testcase time="0.001" classname="org.jbox2d.utests.MathTest" name="testMat33"/>
  <testcase time="0" classname="org.jbox2d.utests.MathTest" name="testVec3"/>
</testsuite>